<?xml version="1.0" encoding="UTF-8"?>
<!-- Generated by org.testng.reporters.JUnitReportReporter -->
<testsuite hostname="farrukh" failures="0" tests="1" name="uiTests.login.LoginTests" time="0.034" errors="0" timestamp="2023-02-09T16:26:39 IST" skipped="0">
  <testcase classname="uiTests.login.LoginTests" name="createNewUserTest" time="0.034"/>
  <system-out/>
</testsuite> <!-- uiTests.login.LoginTests -->
